SF:lib/data/api/api_service.dart
DA:10,1
DA:11,4
DA:12,2
DA:13,3
DA:15,1
DA:19,1
DA:20,5
DA:21,2
DA:22,3
DA:24,1
DA:25,2
DA:29,0
DA:30,0
DA:31,0
DA:32,0
DA:34,0
LF:16
LH:11
end_of_record
SF:lib/data/model/api/restaurant_detail.dart
DA:9,0
DA:10,0
DA:12,0
DA:13,0
DA:16,1
DA:26,1
DA:27,1
DA:28,1
DA:29,1
DA:30,2
DA:33,0
DA:34,0
DA:35,0
DA:36,0
LF:14
LH:6
end_of_record
SF:lib/data/model/api/restaurant_list.dart
DA:8,0
DA:9,0
DA:11,0
DA:12,0
DA:15,1
DA:27,1
DA:28,1
DA:29,1
DA:30,1
DA:31,1
DA:32,1
DA:33,4
DA:36,0
DA:37,0
DA:38,0
DA:39,0
DA:40,0
LF:17
LH:8
end_of_record
SF:lib/data/model/api/restaurant_search.dart
DA:8,0
DA:9,0
DA:11,0
DA:12,0
DA:15,0
DA:25,0
DA:26,0
DA:27,0
DA:28,0
DA:29,0
DA:30,0
DA:33,0
DA:34,0
DA:35,0
DA:36,0
LF:15
LH:0
end_of_record
SF:lib/data/model/bean/restaurant.dart
DA:6,2
DA:31,4
DA:32,2
DA:33,2
DA:34,2
DA:35,2
DA:36,2
DA:37,4
DA:38,2
DA:39,2
DA:40,1
DA:41,4
DA:42,1
DA:43,2
DA:44,2
DA:45,3
DA:46,2
DA:47,1
DA:48,4
DA:49,1
DA:52,0
DA:53,0
DA:54,0
DA:55,0
DA:56,0
DA:57,0
DA:58,0
DA:59,0
DA:60,0
DA:61,0
DA:63,0
LF:31
LH:20
end_of_record
SF:lib/data/model/bean/category.dart
DA:2,1
DA:8,2
DA:9,1
DA:12,0
DA:13,0
LF:5
LH:3
end_of_record
SF:lib/data/model/bean/customer_review.dart
DA:2,1
DA:12,2
DA:13,1
DA:14,1
DA:15,1
DA:18,0
DA:19,0
DA:20,0
DA:21,0
LF:9
LH:5
end_of_record
SF:lib/data/model/bean/menus.dart
DA:4,2
DA:12,2
DA:14,5
DA:15,1
DA:16,4
DA:19,0
DA:20,0
DA:21,0
LF:8
LH:5
end_of_record
